<?xml version="1.0" encoding="UTF-8"?>
<testsuite xmlns:xsi="http://www.w3.org/2001/XMLSchema-instance" xsi:noNamespaceSchemaLocation="https://maven.apache.org/surefire/maven-surefire-plugin/xsd/surefire-test-report.xsd" name="javax.jdo.identity.CharIdentityTest" time="0.121" tests="12" errors="0" skipped="0" failures="0">
  <properties>
    <property name="awt.toolkit" value="sun.awt.X11.XToolkit"/>
    <property name="java.specification.version" value="11"/>
    <property name="sun.cpu.isalist" value=""/>
    <property name="sun.jnu.encoding" value="UTF-8"/>
    <property name="java.class.path" value="/home/user/GWT/StockWatcher/jdo-3.2.1/api/target/test-classes:/home/user/GWT/StockWatcher/jdo-3.2.1/api/target/classes:/home/user/.m2/repository/javax/transaction/javax.transaction-api/1.3/javax.transaction-api-1.3.jar:/home/user/.m2/repository/org/glassfish/corba/glassfish-corba-omgapi/4.2.4/glassfish-corba-omgapi-4.2.4.jar:/home/user/.m2/repository/org/apache/ant/ant/1.10.12/ant-1.10.12.jar:/home/user/.m2/repository/org/apache/ant/ant-launcher/1.10.12/ant-launcher-1.10.12.jar:/home/user/.m2/repository/org/junit/vintage/junit-vintage-engine/5.8.2/junit-vintage-engine-5.8.2.jar:/home/user/.m2/repository/org/junit/platform/junit-platform-engine/1.8.2/junit-platform-engine-1.8.2.jar:/home/user/.m2/repository/org/opentest4j/opentest4j/1.2.0/opentest4j-1.2.0.jar:/home/user/.m2/repository/org/junit/platform/junit-platform-commons/1.8.2/junit-platform-commons-1.8.2.jar:/home/user/.m2/repository/junit/junit/4.13.2/junit-4.13.2.jar:/home/user/.m2/repository/org/hamcrest/hamcrest-core/1.3/hamcrest-core-1.3.jar:/home/user/.m2/repository/org/apiguardian/apiguardian-api/1.1.2/apiguardian-api-1.1.2.jar:"/>
    <property name="java.vm.vendor" value="Debian"/>
    <property name="sun.arch.data.model" value="64"/>
    <property name="swing.aatext" value="true"/>
    <property name="java.vendor.url" value="https://tracker.debian.org/openjdk-11"/>
    <property name="user.timezone" value=""/>
    <property name="java.vm.specification.version" value="11"/>
    <property name="os.name" value="Linux"/>
    <property name="sun.java.launcher" value="SUN_STANDARD"/>
    <property name="user.country" value="US"/>
    <property name="sun.boot.library.path" value="/usr/lib/jvm/java-11-openjdk-amd64/lib"/>
    <property name="sun.java.command" value="/home/user/GWT/StockWatcher/jdo-3.2.1/api/target/surefire/surefirebooter345690670462918294.jar /home/user/GWT/StockWatcher/jdo-3.2.1/api/target/surefire 2023-10-02T17-19-48_572-jvmRun1 surefire15245229829641561944tmp surefire_06780524175035978556tmp"/>
    <property name="jdk.debug" value="release"/>
    <property name="surefire.test.class.path" value="/home/user/GWT/StockWatcher/jdo-3.2.1/api/target/test-classes:/home/user/GWT/StockWatcher/jdo-3.2.1/api/target/classes:/home/user/.m2/repository/javax/transaction/javax.transaction-api/1.3/javax.transaction-api-1.3.jar:/home/user/.m2/repository/org/glassfish/corba/glassfish-corba-omgapi/4.2.4/glassfish-corba-omgapi-4.2.4.jar:/home/user/.m2/repository/org/apache/ant/ant/1.10.12/ant-1.10.12.jar:/home/user/.m2/repository/org/apache/ant/ant-launcher/1.10.12/ant-launcher-1.10.12.jar:/home/user/.m2/repository/org/junit/vintage/junit-vintage-engine/5.8.2/junit-vintage-engine-5.8.2.jar:/home/user/.m2/repository/org/junit/platform/junit-platform-engine/1.8.2/junit-platform-engine-1.8.2.jar:/home/user/.m2/repository/org/opentest4j/opentest4j/1.2.0/opentest4j-1.2.0.jar:/home/user/.m2/repository/org/junit/platform/junit-platform-commons/1.8.2/junit-platform-commons-1.8.2.jar:/home/user/.m2/repository/junit/junit/4.13.2/junit-4.13.2.jar:/home/user/.m2/repository/org/hamcrest/hamcrest-core/1.3/hamcrest-core-1.3.jar:/home/user/.m2/repository/org/apiguardian/apiguardian-api/1.1.2/apiguardian-api-1.1.2.jar:"/>
    <property name="sun.cpu.endian" value="little"/>
    <property name="user.home" value="/home/user"/>
    <property name="user.language" value="en"/>
    <property name="java.specification.vendor" value="Oracle Corporation"/>
    <property name="java.version.date" value="2022-10-18"/>
    <property name="java.home" value="/usr/lib/jvm/java-11-openjdk-amd64"/>
    <property name="file.separator" value="/"/>
    <property name="basedir" value="/home/user/GWT/StockWatcher/jdo-3.2.1/api"/>
    <property name="java.vm.compressedOopsMode" value="32-bit"/>
    <property name="line.separator" value="&#10;"/>
    <property name="java.specification.name" value="Java Platform API Specification"/>
    <property name="java.vm.specification.vendor" value="Oracle Corporation"/>
    <property name="java.awt.graphicsenv" value="sun.awt.X11GraphicsEnvironment"/>
    <property name="surefire.real.class.path" value="/home/user/GWT/StockWatcher/jdo-3.2.1/api/target/surefire/surefirebooter345690670462918294.jar"/>
    <property name="awt.useSystemAAFontSettings" value="on"/>
    <property name="sun.management.compiler" value="HotSpot 64-Bit Tiered Compilers"/>
    <property name="java.runtime.version" value="11.0.17+8-post-Debian-2"/>
    <property name="user.name" value="user"/>
    <property name="path.separator" value=":"/>
    <property name="os.version" value="6.1.0-kali7-amd64"/>
    <property name="java.runtime.name" value="OpenJDK Runtime Environment"/>
    <property name="file.encoding" value="UTF-8"/>
    <property name="java.vm.name" value="OpenJDK 64-Bit Server VM"/>
    <property name="localRepository" value="/home/user/.m2/repository"/>
    <property name="java.vendor.url.bug" value="https://bugs.debian.org/openjdk-11"/>
    <property name="java.io.tmpdir" value="/tmp"/>
    <property name="java.version" value="11.0.17"/>
    <property name="user.dir" value="/home/user/GWT/StockWatcher/jdo-3.2.1/api"/>
    <property name="os.arch" value="amd64"/>
    <property name="java.vm.specification.name" value="Java Virtual Machine Specification"/>
    <property name="java.awt.printerjob" value="sun.print.PSPrinterJob"/>
    <property name="sun.os.patch.level" value="unknown"/>
    <property name="java.library.path" value="/usr/java/packages/lib:/usr/lib/x86_64-linux-gnu/jni:/lib/x86_64-linux-gnu:/usr/lib/x86_64-linux-gnu:/usr/lib/jni:/lib:/usr/lib"/>
    <property name="java.vm.info" value="mixed mode, sharing"/>
    <property name="java.vendor" value="Debian"/>
    <property name="java.vm.version" value="11.0.17+8-post-Debian-2"/>
    <property name="sun.io.unicode.encoding" value="UnicodeLittle"/>
    <property name="java.class.version" value="55.0"/>
  </properties>
  <testcase name="testToStringConstructor" classname="javax.jdo.identity.CharIdentityTest" time="0.025"/>
  <testcase name="testGetKeyAsObjectPrimitive" classname="javax.jdo.identity.CharIdentityTest" time="0.008"/>
  <testcase name="testSerialized" classname="javax.jdo.identity.CharIdentityTest" time="0.009"/>
  <testcase name="testStringConstructorTooShort" classname="javax.jdo.identity.CharIdentityTest" time="0"/>
  <testcase name="testCompareTo" classname="javax.jdo.identity.CharIdentityTest" time="0.001"/>
  <testcase name="testStringConstructorTooLong" classname="javax.jdo.identity.CharIdentityTest" time="0"/>
  <testcase name="testGetKeyAsObject" classname="javax.jdo.identity.CharIdentityTest" time="0.001"/>
  <testcase name="testBadConstructorNullStringParam" classname="javax.jdo.identity.CharIdentityTest" time="0.001"/>
  <testcase name="testBadConstructorNullCharacterParam" classname="javax.jdo.identity.CharIdentityTest" time="0.001"/>
  <testcase name="testStringConstructor" classname="javax.jdo.identity.CharIdentityTest" time="0"/>
  <testcase name="testCharacterConstructor" classname="javax.jdo.identity.CharIdentityTest" time="0"/>
  <testcase name="testConstructor" classname="javax.jdo.identity.CharIdentityTest" time="0"/>
</testsuite>